Demo/ViaplayDemoApp/build/intermediates/manifest_merge_blame_file/debug/processDebugMainManifest/manifest-merger-blame-debug-report.txt
1<?xml version="1.0" encoding="utf-8"?>
2<manifest xmlns:android="http://schemas.android.com/apk/res/android"
3    package="com.reachu.viaplaydemo"
4    android:versionCode="1"
5    android:versionName="1.0" >
6
7    <uses-sdk
8        android:minSdkVersion="24"
9        android:targetSdkVersion="34" />
10
11    <uses-permission android:name="android.permission.INTERNET" />
11-->src/main/AndroidManifest.xml:4:5-67
11-->src/main/AndroidManifest.xml:4:22-64
12    <uses-permission android:name="android.permission.ACCESS_NETWORK_STATE" />
12-->src/main/AndroidManifest.xml:5:5-79
12-->src/main/AndroidManifest.xml:5:22-76
13    <!-- See https://developer.android.com/training/package-visibility/declaring for more details. -->
14    <queries>
14-->[com.stripe:payments-core:20.49.0] AndroidManifest.xml:8:5-12:15
15
16        <!-- Added to check if Chrome is installed for browser-based payment authentication (e.g. 3DS1). -->
17        <package android:name="com.android.chrome" />
17-->[com.stripe:payments-core:20.49.0] AndroidManifest.xml:11:9-54
17-->[com.stripe:payments-core:20.49.0] AndroidManifest.xml:11:18-51
18        <package android:name="com.myklarnamobile" />
18-->[com.klarna.mobile.sdk:klarna-core:2.10.0] AndroidManifest.xml:16:9-54
18-->[com.klarna.mobile.sdk:klarna-core:2.10.0] AndroidManifest.xml:16:18-51
19
20        <intent>
20-->[com.klarna.mobile.sdk:klarna-core:2.10.0] AndroidManifest.xml:18:9-20:18
21            <action android:name="android.support.customtabs.action.CustomTabsService" />
21-->[com.klarna.mobile.sdk:klarna-core:2.10.0] AndroidManifest.xml:19:13-90
21-->[com.klarna.mobile.sdk:klarna-core:2.10.0] AndroidManifest.xml:19:21-87
22        </intent> <!-- Needs to be explicitly declared on Android R+ -->
23        <package android:name="com.google.android.apps.maps" />
23-->[com.google.android.gms:play-services-maps:18.0.2] AndroidManifest.xml:33:9-64
23-->[com.google.android.gms:play-services-maps:18.0.2] AndroidManifest.xml:33:18-61
24    </queries>
25
26    <uses-feature
26-->[com.klarna.mobile.sdk:klarna-core:2.10.0] AndroidManifest.xml:23:5-25:36
27        android:name="android.hardware.camera"
27-->[com.klarna.mobile.sdk:klarna-core:2.10.0] AndroidManifest.xml:24:9-47
28        android:required="false" />
28-->[com.klarna.mobile.sdk:klarna-core:2.10.0] AndroidManifest.xml:25:9-33
29    <uses-feature
29-->[com.klarna.mobile.sdk:klarna-core:2.10.0] AndroidManifest.xml:26:5-28:36
30        android:name="android.hardware.camera.autofocus"
30-->[com.klarna.mobile.sdk:klarna-core:2.10.0] AndroidManifest.xml:27:9-57
31        android:required="false" />
31-->[com.klarna.mobile.sdk:klarna-core:2.10.0] AndroidManifest.xml:28:9-33
32
33    <uses-permission android:name="android.permission.CAMERA" />
33-->[com.klarna.mobile.sdk:klarna-core:2.10.0] AndroidManifest.xml:30:5-65
33-->[com.klarna.mobile.sdk:klarna-core:2.10.0] AndroidManifest.xml:30:22-62
34
35    <uses-feature
35-->[com.google.android.gms:play-services-maps:18.0.2] AndroidManifest.xml:26:5-28:35
36        android:glEsVersion="0x00020000"
36-->[com.google.android.gms:play-services-maps:18.0.2] AndroidManifest.xml:27:9-41
37        android:required="true" />
37-->[com.google.android.gms:play-services-maps:18.0.2] AndroidManifest.xml:28:9-32
38
39    <permission
39-->[androidx.core:core:1.13.1] AndroidManifest.xml:22:5-24:47
40        android:name="com.reachu.viaplaydemo.DYNAMIC_RECEIVER_NOT_EXPORTED_PERMISSION"
40-->[androidx.core:core:1.13.1] AndroidManifest.xml:23:9-81
41        android:protectionLevel="signature" />
41-->[androidx.core:core:1.13.1] AndroidManifest.xml:24:9-44
42
43    <uses-permission android:name="com.reachu.viaplaydemo.DYNAMIC_RECEIVER_NOT_EXPORTED_PERMISSION" />
43-->[androidx.core:core:1.13.1] AndroidManifest.xml:26:5-97
43-->[androidx.core:core:1.13.1] AndroidManifest.xml:26:22-94
44
45    <application
45-->src/main/AndroidManifest.xml:6:5-50:19
46        android:appComponentFactory="androidx.core.app.CoreComponentFactory"
46-->[androidx.core:core:1.13.1] AndroidManifest.xml:28:18-86
47        android:debuggable="true"
48        android:extractNativeLibs="false"
49        android:hardwareAccelerated="true"
49-->src/main/AndroidManifest.xml:12:9-43
50        android:label="@string/app_name"
50-->src/main/AndroidManifest.xml:7:9-41
51        android:largeHeap="true"
51-->src/main/AndroidManifest.xml:11:9-33
52        android:networkSecurityConfig="@xml/network_security_config"
52-->src/main/AndroidManifest.xml:10:9-69
53        android:testOnly="true"
54        android:theme="@style/Theme.TV2DemoApp"
54-->src/main/AndroidManifest.xml:8:9-48
55        android:usesCleartextTraffic="true" >
55-->src/main/AndroidManifest.xml:9:9-44
56        <activity
56-->src/main/AndroidManifest.xml:13:9-35:20
57            android:name="com.reachu.viaplaydemo.MainActivity"
57-->src/main/AndroidManifest.xml:14:13-41
58            android:exported="true" >
58-->src/main/AndroidManifest.xml:15:13-36
59            <intent-filter>
59-->src/main/AndroidManifest.xml:16:13-19:29
60                <action android:name="android.intent.action.MAIN" />
60-->src/main/AndroidManifest.xml:17:17-69
60-->src/main/AndroidManifest.xml:17:25-66
61
62                <category android:name="android.intent.category.LAUNCHER" />
62-->src/main/AndroidManifest.xml:18:17-77
62-->src/main/AndroidManifest.xml:18:27-74
63            </intent-filter>
64            <!-- Deep links for web-based payment providers (Klarna/Vipps) -->
65            <intent-filter>
65-->src/main/AndroidManifest.xml:21:13-27:29
66                <action android:name="android.intent.action.VIEW" />
66-->src/main/AndroidManifest.xml:22:17-69
66-->src/main/AndroidManifest.xml:22:25-66
67
68                <category android:name="android.intent.category.DEFAULT" />
68-->src/main/AndroidManifest.xml:23:17-76
68-->src/main/AndroidManifest.xml:23:27-73
69                <category android:name="android.intent.category.BROWSABLE" />
69-->src/main/AndroidManifest.xml:24:17-78
69-->src/main/AndroidManifest.xml:24:27-75
70
71                <data
71-->src/main/AndroidManifest.xml:25:17-26:53
72                    android:host="checkout"
72-->src/main/AndroidManifest.xml:25:52-75
73                    android:pathPrefix="/success"
73-->src/main/AndroidManifest.xml:26:21-50
74                    android:scheme="reachu-demo" />
74-->src/main/AndroidManifest.xml:25:23-51
75            </intent-filter>
76            <intent-filter>
76-->src/main/AndroidManifest.xml:28:13-34:29
77                <action android:name="android.intent.action.VIEW" />
77-->src/main/AndroidManifest.xml:22:17-69
77-->src/main/AndroidManifest.xml:22:25-66
78
79                <category android:name="android.intent.category.DEFAULT" />
79-->src/main/AndroidManifest.xml:23:17-76
79-->src/main/AndroidManifest.xml:23:27-73
80                <category android:name="android.intent.category.BROWSABLE" />
80-->src/main/AndroidManifest.xml:24:17-78
80-->src/main/AndroidManifest.xml:24:27-75
81
82                <data
82-->src/main/AndroidManifest.xml:25:17-26:53
83                    android:host="checkout"
83-->src/main/AndroidManifest.xml:25:52-75
84                    android:pathPrefix="/cancel"
84-->src/main/AndroidManifest.xml:26:21-50
85                    android:scheme="reachu-demo" />
85-->src/main/AndroidManifest.xml:25:23-51
86            </intent-filter>
87        </activity>
88        <activity
88-->src/main/AndroidManifest.xml:36:9-44:20
89            android:name="io.reachu.VioUI.KlarnaNativeActivity"
89-->src/main/AndroidManifest.xml:37:13-64
90            android:configChanges="orientation|screenSize|keyboardHidden"
90-->src/main/AndroidManifest.xml:42:13-74
91            android:exported="false"
91-->src/main/AndroidManifest.xml:38:13-37
92            android:hardwareAccelerated="true"
92-->src/main/AndroidManifest.xml:41:13-47
93            android:launchMode="singleTask"
93-->src/main/AndroidManifest.xml:39:13-44
94            android:theme="@style/Theme.TV2DemoApp" >
94-->src/main/AndroidManifest.xml:40:13-52
95
96            <!-- Klarna native payments - no intent filter needed for HTTPS return URL -->
97        </activity>
98        <activity
98-->src/main/AndroidManifest.xml:45:9-49:45
99            android:name="io.reachu.VioUI.KlarnaWebActivity"
99-->src/main/AndroidManifest.xml:46:13-61
100            android:exported="false"
100-->src/main/AndroidManifest.xml:47:13-37
101            android:theme="@style/Theme.TV2DemoApp" />
101-->src/main/AndroidManifest.xml:48:13-52
102        <activity
102-->[com.stripe:paymentsheet:20.49.0] AndroidManifest.xml:8:9-11:69
103            android:name="com.stripe.android.paymentsheet.PaymentSheetActivity"
103-->[com.stripe:paymentsheet:20.49.0] AndroidManifest.xml:9:13-80
104            android:exported="false"
104-->[com.stripe:paymentsheet:20.49.0] AndroidManifest.xml:10:13-37
105            android:theme="@style/StripePaymentSheetDefaultTheme" />
105-->[com.stripe:paymentsheet:20.49.0] AndroidManifest.xml:11:13-66
106        <activity
106-->[com.stripe:paymentsheet:20.49.0] AndroidManifest.xml:12:9-15:69
107            android:name="com.stripe.android.paymentsheet.PaymentOptionsActivity"
107-->[com.stripe:paymentsheet:20.49.0] AndroidManifest.xml:13:13-82
108            android:exported="false"
108-->[com.stripe:paymentsheet:20.49.0] AndroidManifest.xml:14:13-37
109            android:theme="@style/StripePaymentSheetDefaultTheme" />
109-->[com.stripe:paymentsheet:20.49.0] AndroidManifest.xml:15:13-66
110        <activity
110-->[com.stripe:paymentsheet:20.49.0] AndroidManifest.xml:16:9-19:69
111            android:name="com.stripe.android.customersheet.CustomerSheetActivity"
111-->[com.stripe:paymentsheet:20.49.0] AndroidManifest.xml:17:13-82
112            android:exported="false"
112-->[com.stripe:paymentsheet:20.49.0] AndroidManifest.xml:18:13-37
113            android:theme="@style/StripePaymentSheetDefaultTheme" />
113-->[com.stripe:paymentsheet:20.49.0] AndroidManifest.xml:19:13-66
114        <activity
114-->[com.stripe:paymentsheet:20.49.0] AndroidManifest.xml:20:9-23:69
115            android:name="com.stripe.android.paymentsheet.addresselement.AddressElementActivity"
115-->[com.stripe:paymentsheet:20.49.0] AndroidManifest.xml:21:13-97
116            android:exported="false"
116-->[com.stripe:paymentsheet:20.49.0] AndroidManifest.xml:22:13-37
117            android:theme="@style/StripePaymentSheetDefaultTheme" />
117-->[com.stripe:paymentsheet:20.49.0] AndroidManifest.xml:23:13-66
118        <activity
118-->[com.stripe:paymentsheet:20.49.0] AndroidManifest.xml:24:9-27:69
119            android:name="com.stripe.android.paymentsheet.paymentdatacollection.bacs.BacsMandateConfirmationActivity"
119-->[com.stripe:paymentsheet:20.49.0] AndroidManifest.xml:25:13-118
120            android:exported="false"
120-->[com.stripe:paymentsheet:20.49.0] AndroidManifest.xml:26:13-37
121            android:theme="@style/StripePaymentSheetDefaultTheme" />
121-->[com.stripe:paymentsheet:20.49.0] AndroidManifest.xml:27:13-66
122        <activity
122-->[com.stripe:paymentsheet:20.49.0] AndroidManifest.xml:28:9-31:69
123            android:name="com.stripe.android.paymentsheet.paymentdatacollection.polling.PollingActivity"
123-->[com.stripe:paymentsheet:20.49.0] AndroidManifest.xml:29:13-105
124            android:exported="false"
124-->[com.stripe:paymentsheet:20.49.0] AndroidManifest.xml:30:13-37
125            android:theme="@style/StripePaymentSheetDefaultTheme" />
125-->[com.stripe:paymentsheet:20.49.0] AndroidManifest.xml:31:13-66
126        <activity
126-->[com.stripe:paymentsheet:20.49.0] AndroidManifest.xml:32:9-35:69
127            android:name="com.stripe.android.paymentsheet.ui.SepaMandateActivity"
127-->[com.stripe:paymentsheet:20.49.0] AndroidManifest.xml:33:13-82
128            android:exported="false"
128-->[com.stripe:paymentsheet:20.49.0] AndroidManifest.xml:34:13-37
129            android:theme="@style/StripePaymentSheetDefaultTheme" />
129-->[com.stripe:paymentsheet:20.49.0] AndroidManifest.xml:35:13-66
130        <activity
130-->[com.stripe:paymentsheet:20.49.0] AndroidManifest.xml:36:9-39:68
131            android:name="com.stripe.android.paymentsheet.ExternalPaymentMethodProxyActivity"
131-->[com.stripe:paymentsheet:20.49.0] AndroidManifest.xml:37:13-94
132            android:exported="false"
132-->[com.stripe:paymentsheet:20.49.0] AndroidManifest.xml:38:13-37
133            android:theme="@style/StripePayLauncherDefaultTheme" />
133-->[com.stripe:paymentsheet:20.49.0] AndroidManifest.xml:39:13-65
134        <activity
134-->[com.stripe:paymentsheet:20.49.0] AndroidManifest.xml:40:9-42:69
135            android:name="com.stripe.android.paymentsheet.paymentdatacollection.cvcrecollection.CvcRecollectionActivity"
135-->[com.stripe:paymentsheet:20.49.0] AndroidManifest.xml:41:13-121
136            android:theme="@style/StripePaymentSheetDefaultTheme" />
136-->[com.stripe:paymentsheet:20.49.0] AndroidManifest.xml:42:13-66
137        <activity
137-->[com.stripe:link:20.49.0] AndroidManifest.xml:8:9-13:61
138            android:name="com.stripe.android.link.LinkForegroundActivity"
138-->[com.stripe:link:20.49.0] AndroidManifest.xml:9:13-74
139            android:autoRemoveFromRecents="true"
139-->[com.stripe:link:20.49.0] AndroidManifest.xml:10:13-49
140            android:configChanges="orientation|keyboard|keyboardHidden|screenLayout|screenSize|smallestScreenSize"
140-->[com.stripe:link:20.49.0] AndroidManifest.xml:11:13-115
141            android:launchMode="singleTop"
141-->[com.stripe:link:20.49.0] AndroidManifest.xml:12:13-43
142            android:theme="@style/StripeTransparentTheme" />
142-->[com.stripe:link:20.49.0] AndroidManifest.xml:13:13-58
143        <activity
143-->[com.stripe:link:20.49.0] AndroidManifest.xml:14:9-31:20
144            android:name="com.stripe.android.link.LinkRedirectHandlerActivity"
144-->[com.stripe:link:20.49.0] AndroidManifest.xml:15:13-79
145            android:autoRemoveFromRecents="true"
145-->[com.stripe:link:20.49.0] AndroidManifest.xml:16:13-49
146            android:exported="true"
146-->[com.stripe:link:20.49.0] AndroidManifest.xml:17:13-36
147            android:launchMode="singleInstance"
147-->[com.stripe:link:20.49.0] AndroidManifest.xml:18:13-48
148            android:theme="@style/StripeTransparentTheme" >
148-->[com.stripe:link:20.49.0] AndroidManifest.xml:19:13-58
149            <intent-filter>
149-->[com.stripe:link:20.49.0] AndroidManifest.xml:20:13-30:29
150                <action android:name="android.intent.action.VIEW" />
150-->src/main/AndroidManifest.xml:22:17-69
150-->src/main/AndroidManifest.xml:22:25-66
151
152                <category android:name="android.intent.category.DEFAULT" />
152-->src/main/AndroidManifest.xml:23:17-76
152-->src/main/AndroidManifest.xml:23:27-73
153                <category android:name="android.intent.category.BROWSABLE" />
153-->src/main/AndroidManifest.xml:24:17-78
153-->src/main/AndroidManifest.xml:24:27-75
154
155                <data
155-->src/main/AndroidManifest.xml:25:17-26:53
156                    android:host="complete"
156-->src/main/AndroidManifest.xml:25:52-75
157                    android:path="/com.reachu.viaplaydemo"
158                    android:scheme="link-popup" />
158-->src/main/AndroidManifest.xml:25:23-51
159            </intent-filter>
160        </activity>
161        <activity
161-->[com.stripe:payments-ui-core:20.49.0] AndroidManifest.xml:8:9-11:69
162            android:name="com.stripe.android.ui.core.cardscan.CardScanActivity"
162-->[com.stripe:payments-ui-core:20.49.0] AndroidManifest.xml:9:13-80
163            android:exported="false"
163-->[com.stripe:payments-ui-core:20.49.0] AndroidManifest.xml:10:13-37
164            android:theme="@style/StripePaymentSheetDefaultTheme" />
164-->[com.stripe:payments-ui-core:20.49.0] AndroidManifest.xml:11:13-66
165        <activity
165-->[com.stripe:payments-core:20.49.0] AndroidManifest.xml:15:9-18:57
166            android:name="com.stripe.android.view.AddPaymentMethodActivity"
166-->[com.stripe:payments-core:20.49.0] AndroidManifest.xml:16:13-76
167            android:exported="false"
167-->[com.stripe:payments-core:20.49.0] AndroidManifest.xml:17:13-37
168            android:theme="@style/StripeDefaultTheme" />
168-->[com.stripe:payments-core:20.49.0] AndroidManifest.xml:18:13-54
169        <activity
169-->[com.stripe:payments-core:20.49.0] AndroidManifest.xml:19:9-22:57
170            android:name="com.stripe.android.view.PaymentMethodsActivity"
170-->[com.stripe:payments-core:20.49.0] AndroidManifest.xml:20:13-74
171            android:exported="false"
171-->[com.stripe:payments-core:20.49.0] AndroidManifest.xml:21:13-37
172            android:theme="@style/StripeDefaultTheme" />
172-->[com.stripe:payments-core:20.49.0] AndroidManifest.xml:22:13-54
173        <activity
173-->[com.stripe:payments-core:20.49.0] AndroidManifest.xml:23:9-26:57
174            android:name="com.stripe.android.view.PaymentFlowActivity"
174-->[com.stripe:payments-core:20.49.0] AndroidManifest.xml:24:13-71
175            android:exported="false"
175-->[com.stripe:payments-core:20.49.0] AndroidManifest.xml:25:13-37
176            android:theme="@style/StripeDefaultTheme" />
176-->[com.stripe:payments-core:20.49.0] AndroidManifest.xml:26:13-54
177        <activity
177-->[com.stripe:payments-core:20.49.0] AndroidManifest.xml:27:9-30:57
178            android:name="com.stripe.android.view.PaymentAuthWebViewActivity"
178-->[com.stripe:payments-core:20.49.0] AndroidManifest.xml:28:13-78
179            android:exported="false"
179-->[com.stripe:payments-core:20.49.0] AndroidManifest.xml:29:13-37
180            android:theme="@style/StripeDefaultTheme" />
180-->[com.stripe:payments-core:20.49.0] AndroidManifest.xml:30:13-54
181        <activity
181-->[com.stripe:payments-core:20.49.0] AndroidManifest.xml:31:9-34:61
182            android:name="com.stripe.android.view.PaymentRelayActivity"
182-->[com.stripe:payments-core:20.49.0] AndroidManifest.xml:32:13-72
183            android:exported="false"
183-->[com.stripe:payments-core:20.49.0] AndroidManifest.xml:33:13-37
184            android:theme="@style/StripeTransparentTheme" />
184-->[com.stripe:payments-core:20.49.0] AndroidManifest.xml:34:13-58
185        <!--
186        Set android:launchMode="singleTop" so that the StripeBrowserLauncherActivity instance that
187        launched the browser Activity will also handle the return URL deep link.
188        -->
189        <activity
189-->[com.stripe:payments-core:20.49.0] AndroidManifest.xml:40:9-44:61
190            android:name="com.stripe.android.payments.StripeBrowserLauncherActivity"
190-->[com.stripe:payments-core:20.49.0] AndroidManifest.xml:41:13-85
191            android:exported="false"
191-->[com.stripe:payments-core:20.49.0] AndroidManifest.xml:42:13-37
192            android:launchMode="singleTask"
192-->[com.stripe:payments-core:20.49.0] AndroidManifest.xml:43:13-44
193            android:theme="@style/StripeTransparentTheme" />
193-->[com.stripe:payments-core:20.49.0] AndroidManifest.xml:44:13-58
194        <activity
194-->[com.stripe:payments-core:20.49.0] AndroidManifest.xml:45:9-62:20
195            android:name="com.stripe.android.payments.StripeBrowserProxyReturnActivity"
195-->[com.stripe:payments-core:20.49.0] AndroidManifest.xml:46:13-88
196            android:exported="true"
196-->[com.stripe:payments-core:20.49.0] AndroidManifest.xml:47:13-36
197            android:launchMode="singleTask"
197-->[com.stripe:payments-core:20.49.0] AndroidManifest.xml:48:13-44
198            android:theme="@style/StripeTransparentTheme" >
198-->[com.stripe:payments-core:20.49.0] AndroidManifest.xml:49:13-58
199            <intent-filter>
199-->[com.stripe:payments-core:20.49.0] AndroidManifest.xml:50:13-61:29
200                <action android:name="android.intent.action.VIEW" />
200-->src/main/AndroidManifest.xml:22:17-69
200-->src/main/AndroidManifest.xml:22:25-66
201
202                <category android:name="android.intent.category.DEFAULT" />
202-->src/main/AndroidManifest.xml:23:17-76
202-->src/main/AndroidManifest.xml:23:27-73
203                <category android:name="android.intent.category.BROWSABLE" />
203-->src/main/AndroidManifest.xml:24:17-78
203-->src/main/AndroidManifest.xml:24:27-75
204
205                <!-- Must match `DefaultReturnUrl#value`. -->
206                <data
206-->src/main/AndroidManifest.xml:25:17-26:53
207                    android:host="payment_return_url"
207-->src/main/AndroidManifest.xml:25:52-75
208                    android:path="/com.reachu.viaplaydemo"
209                    android:scheme="stripesdk" />
209-->src/main/AndroidManifest.xml:25:23-51
210            </intent-filter>
211        </activity>
212        <activity
212-->[com.stripe:payments-core:20.49.0] AndroidManifest.xml:63:9-66:57
213            android:name="com.stripe.android.payments.core.authentication.threeds2.Stripe3ds2TransactionActivity"
213-->[com.stripe:payments-core:20.49.0] AndroidManifest.xml:64:13-114
214            android:exported="false"
214-->[com.stripe:payments-core:20.49.0] AndroidManifest.xml:65:13-37
215            android:theme="@style/StripeDefaultTheme" />
215-->[com.stripe:payments-core:20.49.0] AndroidManifest.xml:66:13-54
216        <activity
216-->[com.stripe:payments-core:20.49.0] AndroidManifest.xml:67:9-70:66
217            android:name="com.stripe.android.googlepaylauncher.GooglePayLauncherActivity"
217-->[com.stripe:payments-core:20.49.0] AndroidManifest.xml:68:13-90
218            android:exported="false"
218-->[com.stripe:payments-core:20.49.0] AndroidManifest.xml:69:13-37
219            android:theme="@style/StripeGooglePayDefaultTheme" />
219-->[com.stripe:payments-core:20.49.0] AndroidManifest.xml:70:13-63
220        <activity
220-->[com.stripe:payments-core:20.49.0] AndroidManifest.xml:71:9-74:66
221            android:name="com.stripe.android.googlepaylauncher.GooglePayPaymentMethodLauncherActivity"
221-->[com.stripe:payments-core:20.49.0] AndroidManifest.xml:72:13-103
222            android:exported="false"
222-->[com.stripe:payments-core:20.49.0] AndroidManifest.xml:73:13-37
223            android:theme="@style/StripeGooglePayDefaultTheme" />
223-->[com.stripe:payments-core:20.49.0] AndroidManifest.xml:74:13-63
224        <activity
224-->[com.stripe:payments-core:20.49.0] AndroidManifest.xml:75:9-78:68
225            android:name="com.stripe.android.payments.paymentlauncher.PaymentLauncherConfirmationActivity"
225-->[com.stripe:payments-core:20.49.0] AndroidManifest.xml:76:13-107
226            android:exported="false"
226-->[com.stripe:payments-core:20.49.0] AndroidManifest.xml:77:13-37
227            android:theme="@style/StripePayLauncherDefaultTheme" />
227-->[com.stripe:payments-core:20.49.0] AndroidManifest.xml:78:13-65
228        <activity
228-->[com.stripe:payments-core:20.49.0] AndroidManifest.xml:79:9-82:61
229            android:name="com.stripe.android.payments.bankaccount.ui.CollectBankAccountActivity"
229-->[com.stripe:payments-core:20.49.0] AndroidManifest.xml:80:13-97
230            android:exported="false"
230-->[com.stripe:payments-core:20.49.0] AndroidManifest.xml:81:13-37
231            android:theme="@style/StripeTransparentTheme" />
231-->[com.stripe:payments-core:20.49.0] AndroidManifest.xml:82:13-58
232        <activity
232-->[com.stripe:stripe-3ds2-android:6.1.8] AndroidManifest.xml:8:9-11:54
233            android:name="com.stripe.android.stripe3ds2.views.ChallengeActivity"
233-->[com.stripe:stripe-3ds2-android:6.1.8] AndroidManifest.xml:9:13-81
234            android:exported="false"
234-->[com.stripe:stripe-3ds2-android:6.1.8] AndroidManifest.xml:10:13-37
235            android:theme="@style/Stripe3DS2Theme" />
235-->[com.stripe:stripe-3ds2-android:6.1.8] AndroidManifest.xml:11:13-51
236        <activity
236-->[com.klarna.mobile.sdk:klarna-core:2.10.0] AndroidManifest.xml:33:9-38:86
237            android:name="com.klarna.mobile.sdk.activity.KlarnaRedirectLauncherActivity"
237-->[com.klarna.mobile.sdk:klarna-core:2.10.0] AndroidManifest.xml:34:13-89
238            android:configChanges="screenSize|smallestScreenSize|screenLayout|orientation|keyboard|keyboardHidden"
238-->[com.klarna.mobile.sdk:klarna-core:2.10.0] AndroidManifest.xml:35:13-115
239            android:exported="false"
239-->[com.klarna.mobile.sdk:klarna-core:2.10.0] AndroidManifest.xml:36:13-37
240            android:launchMode="singleTask"
240-->[com.klarna.mobile.sdk:klarna-core:2.10.0] AndroidManifest.xml:37:13-44
241            android:theme="@style/Theme.AppCompat.RedirectLauncher_KlarnaInAppSDK" />
241-->[com.klarna.mobile.sdk:klarna-core:2.10.0] AndroidManifest.xml:38:13-83
242        <activity
242-->[com.klarna.mobile.sdk:klarna-core:2.10.0] AndroidManifest.xml:39:9-41:40
243            android:name="com.klarna.mobile.sdk.activity.KlarnaRedirectReceiverActivity"
243-->[com.klarna.mobile.sdk:klarna-core:2.10.0] AndroidManifest.xml:40:13-89
244            android:exported="false" />
244-->[com.klarna.mobile.sdk:klarna-core:2.10.0] AndroidManifest.xml:41:13-37
245        <activity
245-->[com.klarna.mobile.sdk:klarna-core:2.10.0] AndroidManifest.xml:42:9-55:20
246            android:name="com.klarna.mobile.sdk.activity.KlarnaAuthenticationRedirectReceiverActivity"
246-->[com.klarna.mobile.sdk:klarna-core:2.10.0] AndroidManifest.xml:43:13-103
247            android:exported="true" >
247-->[com.klarna.mobile.sdk:klarna-core:2.10.0] AndroidManifest.xml:44:13-36
248            <intent-filter>
248-->[com.klarna.mobile.sdk:klarna-core:2.10.0] AndroidManifest.xml:45:13-54:29
249                <action android:name="android.intent.action.VIEW" />
249-->src/main/AndroidManifest.xml:22:17-69
249-->src/main/AndroidManifest.xml:22:25-66
250
251                <category android:name="android.intent.category.DEFAULT" />
251-->src/main/AndroidManifest.xml:23:17-76
251-->src/main/AndroidManifest.xml:23:27-73
252                <category android:name="android.intent.category.BROWSABLE" />
252-->src/main/AndroidManifest.xml:24:17-78
252-->src/main/AndroidManifest.xml:24:27-75
253
254                <data
254-->src/main/AndroidManifest.xml:25:17-26:53
255                    android:host="com.reachu.viaplaydemo"
255-->src/main/AndroidManifest.xml:25:52-75
256                    android:scheme="@string/authentication_redirect_url_scheme" />
256-->src/main/AndroidManifest.xml:25:23-51
257            </intent-filter>
258        </activity>
259        <activity
259-->[com.klarna.mobile.sdk:klarna-core:2.10.0] AndroidManifest.xml:56:9-71:20
260            android:name="com.klarna.mobile.sdk.activity.KlarnaReturnReceiverActivity"
260-->[com.klarna.mobile.sdk:klarna-core:2.10.0] AndroidManifest.xml:57:13-87
261            android:excludeFromRecents="true"
261-->[com.klarna.mobile.sdk:klarna-core:2.10.0] AndroidManifest.xml:58:13-46
262            android:exported="true"
262-->[com.klarna.mobile.sdk:klarna-core:2.10.0] AndroidManifest.xml:59:13-36
263            android:theme="@style/Theme.AppCompat.ReturnReceiver_KlarnaMobileSDK" >
263-->[com.klarna.mobile.sdk:klarna-core:2.10.0] AndroidManifest.xml:60:13-82
264            <intent-filter>
264-->[com.klarna.mobile.sdk:klarna-core:2.10.0] AndroidManifest.xml:61:13-70:29
265                <action android:name="android.intent.action.VIEW" />
265-->src/main/AndroidManifest.xml:22:17-69
265-->src/main/AndroidManifest.xml:22:25-66
266
267                <category android:name="android.intent.category.DEFAULT" />
267-->src/main/AndroidManifest.xml:23:17-76
267-->src/main/AndroidManifest.xml:23:27-73
268                <category android:name="android.intent.category.BROWSABLE" />
268-->src/main/AndroidManifest.xml:24:17-78
268-->src/main/AndroidManifest.xml:24:27-75
269
270                <data
270-->src/main/AndroidManifest.xml:25:17-26:53
271                    android:host="com.reachu.viaplaydemo"
271-->src/main/AndroidManifest.xml:25:52-75
272                    android:scheme="@string/klarna_mobile_sdk_return_url_scheme" />
272-->src/main/AndroidManifest.xml:25:23-51
273            </intent-filter>
274        </activity>
275
276        <provider
276-->[com.klarna.mobile.sdk:klarna-core:2.10.0] AndroidManifest.xml:73:9-81:20
277            android:name="androidx.startup.InitializationProvider"
277-->[com.klarna.mobile.sdk:klarna-core:2.10.0] AndroidManifest.xml:74:13-67
278            android:authorities="com.reachu.viaplaydemo.androidx-startup"
278-->[com.klarna.mobile.sdk:klarna-core:2.10.0] AndroidManifest.xml:75:13-68
279            android:exported="false" >
279-->[com.klarna.mobile.sdk:klarna-core:2.10.0] AndroidManifest.xml:76:13-37
280            <meta-data
280-->[com.klarna.mobile.sdk:klarna-core:2.10.0] AndroidManifest.xml:78:13-80:52
281                android:name="com.klarna.mobile.sdk.KlarnaMobileSdkInitializer"
281-->[com.klarna.mobile.sdk:klarna-core:2.10.0] AndroidManifest.xml:79:17-80
282                android:value="androidx.startup" />
282-->[com.klarna.mobile.sdk:klarna-core:2.10.0] AndroidManifest.xml:80:17-49
283            <meta-data
283-->[androidx.emoji2:emoji2:1.3.0] AndroidManifest.xml:29:13-31:52
284                android:name="androidx.emoji2.text.EmojiCompatInitializer"
284-->[androidx.emoji2:emoji2:1.3.0] AndroidManifest.xml:30:17-75
285                android:value="androidx.startup" />
285-->[androidx.emoji2:emoji2:1.3.0] AndroidManifest.xml:31:17-49
286            <meta-data
286-->[androidx.lifecycle:lifecycle-process:2.8.3] AndroidManifest.xml:29:13-31:52
287                android:name="androidx.lifecycle.ProcessLifecycleInitializer"
287-->[androidx.lifecycle:lifecycle-process:2.8.3] AndroidManifest.xml:30:17-78
288                android:value="androidx.startup" />
288-->[androidx.lifecycle:lifecycle-process:2.8.3] AndroidManifest.xml:31:17-49
289            <meta-data